2025-08-01T11:51:50 [INFO] {c0fe0bce2d8857182230ec1742b8ea2b} Controller层: 收到获取思维导图列表请求, 标题过滤: 
2025-08-01T11:51:50 [INFO] {c0fe0bce2d8857182230ec1742b8ea2b} Service层: 开始获取思维导图列表, 标题过滤: 
2025-08-01T11:51:50 [INFO] {c0fe0bce2d8857182230ec1742b8ea2b} 开始获取思维导图列表, 标题过滤: , 页码: 1, 每页大小: 100
2025-08-01T11:51:50 [INFO] {c0fe0bce2d8857182230ec1742b8ea2b} 查询到思维导图总数: 13
2025-08-01T11:51:50 [INFO] {c0fe0bce2d8857182230ec1742b8ea2b} 成功获取思维导图列表, 数量: 13
2025-08-01T11:51:50 [INFO] {c0fe0bce2d8857182230ec1742b8ea2b} Service层: 成功获取思维导图列表, 总数: 13
2025-08-01T11:51:50 [INFO] {c0fe0bce2d8857182230ec1742b8ea2b} Controller层: 成功返回思维导图列表, 数量: 13
2025-08-01T11:56:03 [INFO] {b0b4c9ac688857188cabbb768ca830f7} Controller层: 收到获取思维导图列表请求, 标题过滤: 
2025-08-01T11:56:03 [INFO] {b0b4c9ac688857188cabbb768ca830f7} Service层: 开始获取思维导图列表, 标题过滤: 
2025-08-01T11:56:03 [INFO] {b0b4c9ac688857188cabbb768ca830f7} 开始获取思维导图列表, 标题过滤: , 页码: 1, 每页大小: 100
2025-08-01T11:56:03 [INFO] {b0b4c9ac688857188cabbb768ca830f7} 查询到思维导图总数: 13
2025-08-01T11:56:03 [INFO] {b0b4c9ac688857188cabbb768ca830f7} 成功获取思维导图列表, 数量: 13
2025-08-01T11:56:03 [INFO] {b0b4c9ac688857188cabbb768ca830f7} Service层: 成功获取思维导图列表, 总数: 13
2025-08-01T11:56:03 [INFO] {b0b4c9ac688857188cabbb768ca830f7} Controller层: 成功返回思维导图列表, 数量: 13
2025-08-01T11:59:13 [INFO] {d825f31295885718e4ad5a1ba196fc8e} Controller层: 收到创建思维导图请求, 标题: 测试思维导图
2025-08-01T11:59:13 [INFO] {d825f31295885718e4ad5a1ba196fc8e} Service层: 开始创建思维导图, 标题: 测试思维导图
2025-08-01T11:59:13 [INFO] {d825f31295885718e4ad5a1ba196fc8e} 开始创建思维导图, ID: 8aca82c6-e077-4139-a415-761d05827b68, 标题: 测试思维导图
2025-08-01T11:59:13 [INFO] {d825f31295885718e4ad5a1ba196fc8e} 思维导图创建成功, ID: 8aca82c6-e077-4139-a415-761d05827b68, 标题: 测试思维导图
2025-08-01T11:59:13 [INFO] {d825f31295885718e4ad5a1ba196fc8e} Service层: 思维导图创建成功, ID: 8aca82c6-e077-4139-a415-761d05827b68, 标题: 测试思维导图
2025-08-01T11:59:13 [INFO] {d825f31295885718e4ad5a1ba196fc8e} Controller层: 思维导图创建成功, ID: 8aca82c6-e077-4139-a415-761d05827b68, 标题: 测试思维导图
2025-08-01T11:59:13 [INFO] {986a7d1595885718e7ad5a1b2dfb2fca} Controller层: 收到获取思维导图列表请求, 标题过滤: 
2025-08-01T11:59:13 [INFO] {986a7d1595885718e7ad5a1b2dfb2fca} Service层: 开始获取思维导图列表, 标题过滤: 
2025-08-01T11:59:13 [INFO] {986a7d1595885718e7ad5a1b2dfb2fca} 开始获取思维导图列表, 标题过滤: , 页码: 1, 每页大小: 100
2025-08-01T11:59:13 [INFO] {986a7d1595885718e7ad5a1b2dfb2fca} 查询到思维导图总数: 14
2025-08-01T11:59:13 [INFO] {986a7d1595885718e7ad5a1b2dfb2fca} 成功获取思维导图列表, 数量: 14
2025-08-01T11:59:13 [INFO] {986a7d1595885718e7ad5a1b2dfb2fca} Service层: 成功获取思维导图列表, 总数: 14
2025-08-01T11:59:13 [INFO] {986a7d1595885718e7ad5a1b2dfb2fca} Controller层: 成功返回思维导图列表, 数量: 14
2025-08-01T11:59:13 [INFO] {7075991695885718ebad5a1b4105e6a1} Controller层: 收到获取思维导图列表请求, 标题过滤: 
2025-08-01T11:59:13 [INFO] {7075991695885718ebad5a1b4105e6a1} Service层: 开始获取思维导图列表, 标题过滤: 
2025-08-01T11:59:13 [INFO] {7075991695885718ebad5a1b4105e6a1} 开始获取思维导图列表, 标题过滤: , 页码: 1, 每页大小: 100
2025-08-01T11:59:13 [INFO] {7075991695885718ebad5a1b4105e6a1} 查询到思维导图总数: 14
2025-08-01T11:59:13 [INFO] {7075991695885718ebad5a1b4105e6a1} 成功获取思维导图列表, 数量: 14
2025-08-01T11:59:13 [INFO] {7075991695885718ebad5a1b4105e6a1} Service层: 成功获取思维导图列表, 总数: 14
2025-08-01T11:59:13 [INFO] {7075991695885718ebad5a1b4105e6a1} Controller层: 成功返回思维导图列表, 数量: 14
2025-08-01T11:59:13 [INFO] {b080c01795885718eead5a1b097d3c0c} Controller层: 收到删除思维导图请求, ID: 8aca82c6-e077-4139-a415-761d05827b68
2025-08-01T11:59:13 [INFO] {b080c01795885718eead5a1b097d3c0c} Service层: 开始删除思维导图, ID: 8aca82c6-e077-4139-a415-761d05827b68
2025-08-01T11:59:13 [INFO] {b080c01795885718eead5a1b097d3c0c} 开始删除思维导图, ID: 8aca82c6-e077-4139-a415-761d05827b68
2025-08-01T11:59:13 [INFO] {b080c01795885718eead5a1b097d3c0c} 思维导图删除成功, ID: 8aca82c6-e077-4139-a415-761d05827b68, 影响行数: 1
2025-08-01T11:59:13 [INFO] {b080c01795885718eead5a1b097d3c0c} Service层: 思维导图删除成功, ID: 8aca82c6-e077-4139-a415-761d05827b68
2025-08-01T11:59:13 [INFO] {b080c01795885718eead5a1b097d3c0c} Controller层: 思维导图删除成功, ID: 8aca82c6-e077-4139-a415-761d05827b68
2025-08-01T11:59:13 [INFO] {f8aab11895885718f1ad5a1b3f67179a} Controller层: 收到获取思维导图列表请求, 标题过滤: 
2025-08-01T11:59:13 [INFO] {f8aab11895885718f1ad5a1b3f67179a} Service层: 开始获取思维导图列表, 标题过滤: 
2025-08-01T11:59:13 [INFO] {f8aab11895885718f1ad5a1b3f67179a} 开始获取思维导图列表, 标题过滤: , 页码: 1, 每页大小: 100
2025-08-01T11:59:13 [INFO] {f8aab11895885718f1ad5a1b3f67179a} 查询到思维导图总数: 13
2025-08-01T11:59:13 [INFO] {f8aab11895885718f1ad5a1b3f67179a} 成功获取思维导图列表, 数量: 13
2025-08-01T11:59:13 [INFO] {f8aab11895885718f1ad5a1b3f67179a} Service层: 成功获取思维导图列表, 总数: 13
2025-08-01T11:59:13 [INFO] {f8aab11895885718f1ad5a1b3f67179a} Controller层: 成功返回思维导图列表, 数量: 13
2025-08-01T12:01:42 [INFO] {50958db9b788571880335c39eaa6f844} Controller层: 收到获取思维导图列表请求, 标题过滤: 
2025-08-01T12:01:42 [INFO] {50958db9b788571880335c39eaa6f844} Service层: 开始获取思维导图列表, 标题过滤: 
2025-08-01T12:01:42 [INFO] {50958db9b788571880335c39eaa6f844} 开始获取思维导图列表, 标题过滤: , 页码: 1, 每页大小: 100
2025-08-01T12:01:42 [INFO] {50958db9b788571880335c39eaa6f844} 查询到思维导图总数: 13
2025-08-01T12:01:42 [INFO] {50958db9b788571880335c39eaa6f844} 成功获取思维导图列表, 数量: 13
2025-08-01T12:01:42 [INFO] {50958db9b788571880335c39eaa6f844} Service层: 成功获取思维导图列表, 总数: 13
2025-08-01T12:01:42 [INFO] {50958db9b788571880335c39eaa6f844} Controller层: 成功返回思维导图列表, 数量: 13
2025-08-01T12:01:46 [INFO] {2853268ab888571886335c39f2cabe9c} Controller层: 收到获取思维导图列表请求, 标题过滤: 
2025-08-01T12:01:46 [INFO] {2853268ab888571886335c39f2cabe9c} Service层: 开始获取思维导图列表, 标题过滤: 
2025-08-01T12:01:46 [INFO] {2853268ab888571886335c39f2cabe9c} 开始获取思维导图列表, 标题过滤: , 页码: 1, 每页大小: 100
2025-08-01T12:01:46 [INFO] {2853268ab888571886335c39f2cabe9c} 查询到思维导图总数: 13
2025-08-01T12:01:46 [INFO] {2853268ab888571886335c39f2cabe9c} 成功获取思维导图列表, 数量: 13
2025-08-01T12:01:46 [INFO] {2853268ab888571886335c39f2cabe9c} Service层: 成功获取思维导图列表, 总数: 13
2025-08-01T12:01:46 [INFO] {2853268ab888571886335c39f2cabe9c} Controller层: 成功返回思维导图列表, 数量: 13
2025-08-01T12:03:15 [INFO] {206e366bcd88571889335c3966d737a5} Controller层: 收到删除思维导图请求, ID: efd19639-c47c-4502-8192-5af686d206cf
2025-08-01T12:03:15 [INFO] {206e366bcd88571889335c3966d737a5} Service层: 开始删除思维导图, ID: efd19639-c47c-4502-8192-5af686d206cf
2025-08-01T12:03:15 [INFO] {206e366bcd88571889335c3966d737a5} 开始删除思维导图, ID: efd19639-c47c-4502-8192-5af686d206cf
2025-08-01T12:03:15 [INFO] {206e366bcd88571889335c3966d737a5} 思维导图删除成功, ID: efd19639-c47c-4502-8192-5af686d206cf, 影响行数: 1
2025-08-01T12:03:15 [INFO] {206e366bcd88571889335c3966d737a5} Service层: 思维导图删除成功, ID: efd19639-c47c-4502-8192-5af686d206cf
2025-08-01T12:03:15 [INFO] {206e366bcd88571889335c3966d737a5} Controller层: 思维导图删除成功, ID: efd19639-c47c-4502-8192-5af686d206cf
2025-08-01T12:03:24 [INFO] {b8498290cf8857188c335c3939b40315} Controller层: 收到删除思维导图请求, ID: efd19639-c47c-4502-8192-5af686d206cf
2025-08-01T12:03:24 [INFO] {b8498290cf8857188c335c3939b40315} Service层: 开始删除思维导图, ID: efd19639-c47c-4502-8192-5af686d206cf
2025-08-01T12:03:24 [INFO] {b8498290cf8857188c335c3939b40315} 开始删除思维导图, ID: efd19639-c47c-4502-8192-5af686d206cf
2025-08-01T12:03:24 [WARN] {b8498290cf8857188c335c3939b40315} 思维导图不存在, ID: efd19639-c47c-4502-8192-5af686d206cf
2025-08-01T12:03:24 [ERRO] {b8498290cf8857188c335c3939b40315} Service层: 删除思维导图失败, ID: efd19639-c47c-4502-8192-5af686d206cf, 错误: 思维导图不存在 
Stack:
1.  go-mind/internal/service.(*mindMapService).Delete
    /Users/xiaoxin/create/vitereact/go-mind/internal/service/mindmap.go:59
2.  go-mind/internal/controller.(*mindMapController).Delete
    /Users/xiaoxin/create/vitereact/go-mind/internal/controller/mindmap.go:80

2025-08-01T12:03:24 [ERRO] {b8498290cf8857188c335c3939b40315} Controller层: 删除思维导图失败, ID: efd19639-c47c-4502-8192-5af686d206cf, 错误: 思维导图不存在 
Stack:
1.  go-mind/internal/controller.(*mindMapController).Delete
    /Users/xiaoxin/create/vitereact/go-mind/internal/controller/mindmap.go:82

2025-08-01T12:03:30 [INFO] {78c07ddad08857188e335c3992fab778} Controller层: 收到获取思维导图列表请求, 标题过滤: 
2025-08-01T12:03:30 [INFO] {78c07ddad08857188e335c3992fab778} Service层: 开始获取思维导图列表, 标题过滤: 
2025-08-01T12:03:30 [INFO] {78c07ddad08857188e335c3992fab778} 开始获取思维导图列表, 标题过滤: , 页码: 1, 每页大小: 100
2025-08-01T12:03:30 [INFO] {78c07ddad08857188e335c3992fab778} 查询到思维导图总数: 12
2025-08-01T12:03:30 [INFO] {78c07ddad08857188e335c3992fab778} 成功获取思维导图列表, 数量: 12
2025-08-01T12:03:30 [INFO] {78c07ddad08857188e335c3992fab778} Service层: 成功获取思维导图列表, 总数: 12
2025-08-01T12:03:30 [INFO] {78c07ddad08857188e335c3992fab778} Controller层: 成功返回思维导图列表, 数量: 12
2025-08-01T12:03:35 [INFO] {a8347218d288571891335c3915b5c8c9} Controller层: 收到删除思维导图请求, ID: efd19639-c47c-4502-8192-5af686d206cf
2025-08-01T12:03:35 [INFO] {a8347218d288571891335c3915b5c8c9} Service层: 开始删除思维导图, ID: efd19639-c47c-4502-8192-5af686d206cf
2025-08-01T12:03:35 [INFO] {a8347218d288571891335c3915b5c8c9} 开始删除思维导图, ID: efd19639-c47c-4502-8192-5af686d206cf
2025-08-01T12:03:35 [WARN] {a8347218d288571891335c3915b5c8c9} 思维导图不存在, ID: efd19639-c47c-4502-8192-5af686d206cf
2025-08-01T12:03:35 [ERRO] {a8347218d288571891335c3915b5c8c9} Service层: 删除思维导图失败, ID: efd19639-c47c-4502-8192-5af686d206cf, 错误: 思维导图不存在 
Stack:
1.  go-mind/internal/service.(*mindMapService).Delete
    /Users/xiaoxin/create/vitereact/go-mind/internal/service/mindmap.go:59
2.  go-mind/internal/controller.(*mindMapController).Delete
    /Users/xiaoxin/create/vitereact/go-mind/internal/controller/mindmap.go:80

2025-08-01T12:03:35 [ERRO] {a8347218d288571891335c3915b5c8c9} Controller层: 删除思维导图失败, ID: efd19639-c47c-4502-8192-5af686d206cf, 错误: 思维导图不存在 
Stack:
1.  go-mind/internal/controller.(*mindMapController).Delete
    /Users/xiaoxin/create/vitereact/go-mind/internal/controller/mindmap.go:82

2025-08-01T12:03:37 [INFO] {f80f776ad288571893335c399509fd3e} Controller层: 收到删除思维导图请求, ID: efd19639-c47c-4502-8192-5af686d206cf
2025-08-01T12:03:37 [INFO] {f80f776ad288571893335c399509fd3e} Service层: 开始删除思维导图, ID: efd19639-c47c-4502-8192-5af686d206cf
2025-08-01T12:03:37 [INFO] {f80f776ad288571893335c399509fd3e} 开始删除思维导图, ID: efd19639-c47c-4502-8192-5af686d206cf
2025-08-01T12:03:37 [WARN] {f80f776ad288571893335c399509fd3e} 思维导图不存在, ID: efd19639-c47c-4502-8192-5af686d206cf
2025-08-01T12:03:37 [ERRO] {f80f776ad288571893335c399509fd3e} Service层: 删除思维导图失败, ID: efd19639-c47c-4502-8192-5af686d206cf, 错误: 思维导图不存在 
Stack:
1.  go-mind/internal/service.(*mindMapService).Delete
    /Users/xiaoxin/create/vitereact/go-mind/internal/service/mindmap.go:59
2.  go-mind/internal/controller.(*mindMapController).Delete
    /Users/xiaoxin/create/vitereact/go-mind/internal/controller/mindmap.go:80

2025-08-01T12:03:37 [ERRO] {f80f776ad288571893335c399509fd3e} Controller层: 删除思维导图失败, ID: efd19639-c47c-4502-8192-5af686d206cf, 错误: 思维导图不存在 
Stack:
1.  go-mind/internal/controller.(*mindMapController).Delete
    /Users/xiaoxin/create/vitereact/go-mind/internal/controller/mindmap.go:82

2025-08-01T12:03:44 [INFO] {78a20207d488571895335c399a29811f} Controller层: 收到删除思维导图请求, ID: 5a650689-3b01-43a2-8e20-4c49d8cb8497
2025-08-01T12:03:44 [INFO] {78a20207d488571895335c399a29811f} Service层: 开始删除思维导图, ID: 5a650689-3b01-43a2-8e20-4c49d8cb8497
2025-08-01T12:03:44 [INFO] {78a20207d488571895335c399a29811f} 开始删除思维导图, ID: 5a650689-3b01-43a2-8e20-4c49d8cb8497
2025-08-01T12:03:44 [INFO] {78a20207d488571895335c399a29811f} 思维导图删除成功, ID: 5a650689-3b01-43a2-8e20-4c49d8cb8497, 影响行数: 1
2025-08-01T12:03:44 [INFO] {78a20207d488571895335c399a29811f} Service层: 思维导图删除成功, ID: 5a650689-3b01-43a2-8e20-4c49d8cb8497
2025-08-01T12:03:44 [INFO] {78a20207d488571895335c399a29811f} Controller层: 思维导图删除成功, ID: 5a650689-3b01-43a2-8e20-4c49d8cb8497
2025-08-01T12:03:45 [INFO] {00b7545ed488571898335c397dde0c92} Controller层: 收到删除思维导图请求, ID: e6180024-d420-4bb1-a760-d9d154a03106
2025-08-01T12:03:45 [INFO] {00b7545ed488571898335c397dde0c92} Service层: 开始删除思维导图, ID: e6180024-d420-4bb1-a760-d9d154a03106
2025-08-01T12:03:45 [INFO] {00b7545ed488571898335c397dde0c92} 开始删除思维导图, ID: e6180024-d420-4bb1-a760-d9d154a03106
2025-08-01T12:03:45 [INFO] {00b7545ed488571898335c397dde0c92} 思维导图删除成功, ID: e6180024-d420-4bb1-a760-d9d154a03106, 影响行数: 1
2025-08-01T12:03:45 [INFO] {00b7545ed488571898335c397dde0c92} Service层: 思维导图删除成功, ID: e6180024-d420-4bb1-a760-d9d154a03106
2025-08-01T12:03:45 [INFO] {00b7545ed488571898335c397dde0c92} Controller层: 思维导图删除成功, ID: e6180024-d420-4bb1-a760-d9d154a03106
2025-08-01T12:03:47 [INFO] {4044f1b7d48857189b335c393d70406e} Controller层: 收到删除思维导图请求, ID: 315b1956-c445-414c-a8c7-4d6e06a25b92
2025-08-01T12:03:47 [INFO] {4044f1b7d48857189b335c393d70406e} Service层: 开始删除思维导图, ID: 315b1956-c445-414c-a8c7-4d6e06a25b92
2025-08-01T12:03:47 [INFO] {4044f1b7d48857189b335c393d70406e} 开始删除思维导图, ID: 315b1956-c445-414c-a8c7-4d6e06a25b92
2025-08-01T12:03:47 [INFO] {4044f1b7d48857189b335c393d70406e} 思维导图删除成功, ID: 315b1956-c445-414c-a8c7-4d6e06a25b92, 影响行数: 1
2025-08-01T12:03:47 [INFO] {4044f1b7d48857189b335c393d70406e} Service层: 思维导图删除成功, ID: 315b1956-c445-414c-a8c7-4d6e06a25b92
2025-08-01T12:03:47 [INFO] {4044f1b7d48857189b335c393d70406e} Controller层: 思维导图删除成功, ID: 315b1956-c445-414c-a8c7-4d6e06a25b92
2025-08-01T12:03:48 [INFO] {00f25706d58857189e335c39a2c91212} Controller层: 收到删除思维导图请求, ID: 458392eb-c6c6-45aa-b67f-d7c7f8e922b1
2025-08-01T12:03:48 [INFO] {00f25706d58857189e335c39a2c91212} Service层: 开始删除思维导图, ID: 458392eb-c6c6-45aa-b67f-d7c7f8e922b1
2025-08-01T12:03:48 [INFO] {00f25706d58857189e335c39a2c91212} 开始删除思维导图, ID: 458392eb-c6c6-45aa-b67f-d7c7f8e922b1
2025-08-01T12:03:48 [INFO] {00f25706d58857189e335c39a2c91212} 思维导图删除成功, ID: 458392eb-c6c6-45aa-b67f-d7c7f8e922b1, 影响行数: 1
2025-08-01T12:03:48 [INFO] {00f25706d58857189e335c39a2c91212} Service层: 思维导图删除成功, ID: 458392eb-c6c6-45aa-b67f-d7c7f8e922b1
2025-08-01T12:03:48 [INFO] {00f25706d58857189e335c39a2c91212} Controller层: 思维导图删除成功, ID: 458392eb-c6c6-45aa-b67f-d7c7f8e922b1
2025-08-01T12:03:49 [INFO] {c046fa49d5885718a1335c39ef7512a0} Controller层: 收到删除思维导图请求, ID: 74ce803e-6c28-40e1-8f6c-551486175886
2025-08-01T12:03:49 [INFO] {c046fa49d5885718a1335c39ef7512a0} Service层: 开始删除思维导图, ID: 74ce803e-6c28-40e1-8f6c-551486175886
2025-08-01T12:03:49 [INFO] {c046fa49d5885718a1335c39ef7512a0} 开始删除思维导图, ID: 74ce803e-6c28-40e1-8f6c-551486175886
2025-08-01T12:03:49 [INFO] {c046fa49d5885718a1335c39ef7512a0} 思维导图删除成功, ID: 74ce803e-6c28-40e1-8f6c-551486175886, 影响行数: 1
2025-08-01T12:03:49 [INFO] {c046fa49d5885718a1335c39ef7512a0} Service层: 思维导图删除成功, ID: 74ce803e-6c28-40e1-8f6c-551486175886
2025-08-01T12:03:49 [INFO] {c046fa49d5885718a1335c39ef7512a0} Controller层: 思维导图删除成功, ID: 74ce803e-6c28-40e1-8f6c-551486175886
2025-08-01T12:03:50 [INFO] {d04b2091d5885718a4335c391521a7fa} Controller层: 收到删除思维导图请求, ID: 7fec7ec2-d31c-4327-aa1f-f37bedc2d873
2025-08-01T12:03:50 [INFO] {d04b2091d5885718a4335c391521a7fa} Service层: 开始删除思维导图, ID: 7fec7ec2-d31c-4327-aa1f-f37bedc2d873
2025-08-01T12:03:50 [INFO] {d04b2091d5885718a4335c391521a7fa} 开始删除思维导图, ID: 7fec7ec2-d31c-4327-aa1f-f37bedc2d873
2025-08-01T12:03:50 [INFO] {d04b2091d5885718a4335c391521a7fa} 思维导图删除成功, ID: 7fec7ec2-d31c-4327-aa1f-f37bedc2d873, 影响行数: 1
2025-08-01T12:03:50 [INFO] {d04b2091d5885718a4335c391521a7fa} Service层: 思维导图删除成功, ID: 7fec7ec2-d31c-4327-aa1f-f37bedc2d873
2025-08-01T12:03:50 [INFO] {d04b2091d5885718a4335c391521a7fa} Controller层: 思维导图删除成功, ID: 7fec7ec2-d31c-4327-aa1f-f37bedc2d873
2025-08-01T12:03:51 [INFO] {40ba05dcd5885718a7335c398601cd9c} Controller层: 收到删除思维导图请求, ID: 27efad7f-d214-4f16-9439-c065e158d58e
2025-08-01T12:03:51 [INFO] {40ba05dcd5885718a7335c398601cd9c} Service层: 开始删除思维导图, ID: 27efad7f-d214-4f16-9439-c065e158d58e
2025-08-01T12:03:51 [INFO] {40ba05dcd5885718a7335c398601cd9c} 开始删除思维导图, ID: 27efad7f-d214-4f16-9439-c065e158d58e
2025-08-01T12:03:51 [INFO] {40ba05dcd5885718a7335c398601cd9c} 思维导图删除成功, ID: 27efad7f-d214-4f16-9439-c065e158d58e, 影响行数: 1
2025-08-01T12:03:51 [INFO] {40ba05dcd5885718a7335c398601cd9c} Service层: 思维导图删除成功, ID: 27efad7f-d214-4f16-9439-c065e158d58e
2025-08-01T12:03:51 [INFO] {40ba05dcd5885718a7335c398601cd9c} Controller层: 思维导图删除成功, ID: 27efad7f-d214-4f16-9439-c065e158d58e
2025-08-01T12:04:00 [INFO] {082ee0d7d7885718aa335c3962861c2f} Controller层: 收到删除思维导图请求, ID: 2538ab16-a265-4686-85aa-bf8ad9feb62d
2025-08-01T12:04:00 [INFO] {082ee0d7d7885718aa335c3962861c2f} Service层: 开始删除思维导图, ID: 2538ab16-a265-4686-85aa-bf8ad9feb62d
2025-08-01T12:04:00 [INFO] {082ee0d7d7885718aa335c3962861c2f} 开始删除思维导图, ID: 2538ab16-a265-4686-85aa-bf8ad9feb62d
2025-08-01T12:04:00 [INFO] {082ee0d7d7885718aa335c3962861c2f} 思维导图删除成功, ID: 2538ab16-a265-4686-85aa-bf8ad9feb62d, 影响行数: 1
2025-08-01T12:04:00 [INFO] {082ee0d7d7885718aa335c3962861c2f} Service层: 思维导图删除成功, ID: 2538ab16-a265-4686-85aa-bf8ad9feb62d
2025-08-01T12:04:00 [INFO] {082ee0d7d7885718aa335c3962861c2f} Controller层: 思维导图删除成功, ID: 2538ab16-a265-4686-85aa-bf8ad9feb62d
2025-08-01T12:04:01 [INFO] {08f03f24d8885718ad335c397f6f639d} Controller层: 收到删除思维导图请求, ID: ab8e7b11-30bd-4e53-8a6b-db310005ceb1
2025-08-01T12:04:01 [INFO] {08f03f24d8885718ad335c397f6f639d} Service层: 开始删除思维导图, ID: ab8e7b11-30bd-4e53-8a6b-db310005ceb1
2025-08-01T12:04:01 [INFO] {08f03f24d8885718ad335c397f6f639d} 开始删除思维导图, ID: ab8e7b11-30bd-4e53-8a6b-db310005ceb1
2025-08-01T12:04:01 [INFO] {08f03f24d8885718ad335c397f6f639d} 思维导图删除成功, ID: ab8e7b11-30bd-4e53-8a6b-db310005ceb1, 影响行数: 1
2025-08-01T12:04:01 [INFO] {08f03f24d8885718ad335c397f6f639d} Service层: 思维导图删除成功, ID: ab8e7b11-30bd-4e53-8a6b-db310005ceb1
2025-08-01T12:04:01 [INFO] {08f03f24d8885718ad335c397f6f639d} Controller层: 思维导图删除成功, ID: ab8e7b11-30bd-4e53-8a6b-db310005ceb1
2025-08-01T12:04:03 [INFO] {002d4b75d8885718b0335c3982e575ce} Controller层: 收到获取思维导图列表请求, 标题过滤: 
2025-08-01T12:04:03 [INFO] {002d4b75d8885718b0335c3982e575ce} Service层: 开始获取思维导图列表, 标题过滤: 
2025-08-01T12:04:03 [INFO] {002d4b75d8885718b0335c3982e575ce} 开始获取思维导图列表, 标题过滤: , 页码: 1, 每页大小: 100
2025-08-01T12:04:03 [INFO] {002d4b75d8885718b0335c3982e575ce} 查询到思维导图总数: 3
2025-08-01T12:04:03 [INFO] {002d4b75d8885718b0335c3982e575ce} 成功获取思维导图列表, 数量: 3
2025-08-01T12:04:03 [INFO] {002d4b75d8885718b0335c3982e575ce} Service层: 成功获取思维导图列表, 总数: 3
2025-08-01T12:04:03 [INFO] {002d4b75d8885718b0335c3982e575ce} Controller层: 成功返回思维导图列表, 数量: 3
2025-08-01T12:04:09 [INFO] {a8f6feeed9885718b3335c390826582b} Controller层: 收到获取思维导图列表请求, 标题过滤: 
2025-08-01T12:04:09 [INFO] {a8f6feeed9885718b3335c390826582b} Service层: 开始获取思维导图列表, 标题过滤: 
2025-08-01T12:04:09 [INFO] {a8f6feeed9885718b3335c390826582b} 开始获取思维导图列表, 标题过滤: , 页码: 1, 每页大小: 100
2025-08-01T12:04:09 [INFO] {a8f6feeed9885718b3335c390826582b} 查询到思维导图总数: 3
2025-08-01T12:04:09 [INFO] {a8f6feeed9885718b3335c390826582b} 成功获取思维导图列表, 数量: 3
2025-08-01T12:04:09 [INFO] {a8f6feeed9885718b3335c390826582b} Service层: 成功获取思维导图列表, 总数: 3
2025-08-01T12:04:09 [INFO] {a8f6feeed9885718b3335c390826582b} Controller层: 成功返回思维导图列表, 数量: 3
2025-08-01T12:04:11 [INFO] {f0ddfc84da885718b6335c39491d47eb} Controller层: 收到获取思维导图列表请求, 标题过滤: 
2025-08-01T12:04:11 [INFO] {f0ddfc84da885718b6335c39491d47eb} Service层: 开始获取思维导图列表, 标题过滤: 
2025-08-01T12:04:11 [INFO] {f0ddfc84da885718b6335c39491d47eb} 开始获取思维导图列表, 标题过滤: , 页码: 1, 每页大小: 100
2025-08-01T12:04:12 [INFO] {f0ddfc84da885718b6335c39491d47eb} 查询到思维导图总数: 3
2025-08-01T12:04:12 [INFO] {f0ddfc84da885718b6335c39491d47eb} 成功获取思维导图列表, 数量: 3
2025-08-01T12:04:12 [INFO] {f0ddfc84da885718b6335c39491d47eb} Service层: 成功获取思维导图列表, 总数: 3
2025-08-01T12:04:12 [INFO] {f0ddfc84da885718b6335c39491d47eb} Controller层: 成功返回思维导图列表, 数量: 3
2025-08-01T12:04:15 [INFO] {80952d52db885718b9335c39bef9129c} Controller层: 收到获取思维导图列表请求, 标题过滤: 
2025-08-01T12:04:15 [INFO] {80952d52db885718b9335c39bef9129c} Service层: 开始获取思维导图列表, 标题过滤: 
2025-08-01T12:04:15 [INFO] {80952d52db885718b9335c39bef9129c} 开始获取思维导图列表, 标题过滤: , 页码: 1, 每页大小: 100
2025-08-01T12:04:15 [INFO] {80952d52db885718b9335c39bef9129c} 查询到思维导图总数: 3
2025-08-01T12:04:15 [INFO] {80952d52db885718b9335c39bef9129c} 成功获取思维导图列表, 数量: 3
2025-08-01T12:04:15 [INFO] {80952d52db885718b9335c39bef9129c} Service层: 成功获取思维导图列表, 总数: 3
2025-08-01T12:04:15 [INFO] {80952d52db885718b9335c39bef9129c} Controller层: 成功返回思维导图列表, 数量: 3
2025-08-01T12:04:17 [INFO] {80c568afdb885718bc335c3965e4e042} Controller层: 收到获取思维导图列表请求, 标题过滤: 
2025-08-01T12:04:17 [INFO] {80c568afdb885718bc335c3965e4e042} Service层: 开始获取思维导图列表, 标题过滤: 
2025-08-01T12:04:17 [INFO] {80c568afdb885718bc335c3965e4e042} 开始获取思维导图列表, 标题过滤: , 页码: 1, 每页大小: 100
2025-08-01T12:04:17 [INFO] {80c568afdb885718bc335c3965e4e042} 查询到思维导图总数: 3
2025-08-01T12:04:17 [INFO] {80c568afdb885718bc335c3965e4e042} 成功获取思维导图列表, 数量: 3
2025-08-01T12:04:17 [INFO] {80c568afdb885718bc335c3965e4e042} Service层: 成功获取思维导图列表, 总数: 3
2025-08-01T12:04:17 [INFO] {80c568afdb885718bc335c3965e4e042} Controller层: 成功返回思维导图列表, 数量: 3
2025-08-01T12:04:23 [INFO] {b8393e2cdd885718bf335c398507510f} Controller层: 收到删除思维导图请求, ID: 8ba03c38-fbe2-4154-8f3f-e892b56de392
2025-08-01T12:04:23 [INFO] {b8393e2cdd885718bf335c398507510f} Service层: 开始删除思维导图, ID: 8ba03c38-fbe2-4154-8f3f-e892b56de392
2025-08-01T12:04:23 [INFO] {b8393e2cdd885718bf335c398507510f} 开始删除思维导图, ID: 8ba03c38-fbe2-4154-8f3f-e892b56de392
2025-08-01T12:04:23 [INFO] {b8393e2cdd885718bf335c398507510f} 思维导图删除成功, ID: 8ba03c38-fbe2-4154-8f3f-e892b56de392, 影响行数: 1
2025-08-01T12:04:23 [INFO] {b8393e2cdd885718bf335c398507510f} Service层: 思维导图删除成功, ID: 8ba03c38-fbe2-4154-8f3f-e892b56de392
2025-08-01T12:04:23 [INFO] {b8393e2cdd885718bf335c398507510f} Controller层: 思维导图删除成功, ID: 8ba03c38-fbe2-4154-8f3f-e892b56de392
2025-08-01T12:04:23 [INFO] {b059252ddd885718c2335c39072d39ef} Controller层: 收到获取思维导图列表请求, 标题过滤: 
2025-08-01T12:04:23 [INFO] {b059252ddd885718c2335c39072d39ef} Service层: 开始获取思维导图列表, 标题过滤: 
2025-08-01T12:04:23 [INFO] {b059252ddd885718c2335c39072d39ef} 开始获取思维导图列表, 标题过滤: , 页码: 1, 每页大小: 100
2025-08-01T12:04:23 [INFO] {b059252ddd885718c2335c39072d39ef} 查询到思维导图总数: 2
2025-08-01T12:04:23 [INFO] {b059252ddd885718c2335c39072d39ef} 成功获取思维导图列表, 数量: 2
2025-08-01T12:04:23 [INFO] {b059252ddd885718c2335c39072d39ef} Service层: 成功获取思维导图列表, 总数: 2
2025-08-01T12:04:23 [INFO] {b059252ddd885718c2335c39072d39ef} Controller层: 成功返回思维导图列表, 数量: 2
2025-08-01T12:04:29 [INFO] {00e3ef7dde885718c5335c3957781bdb} Controller层: 收到删除思维导图请求, ID: f3f71887-12af-419b-b8df-36f837894f8d
2025-08-01T12:04:29 [INFO] {00e3ef7dde885718c5335c3957781bdb} Service层: 开始删除思维导图, ID: f3f71887-12af-419b-b8df-36f837894f8d
2025-08-01T12:04:29 [INFO] {00e3ef7dde885718c5335c3957781bdb} 开始删除思维导图, ID: f3f71887-12af-419b-b8df-36f837894f8d
2025-08-01T12:04:29 [INFO] {00e3ef7dde885718c5335c3957781bdb} 思维导图删除成功, ID: f3f71887-12af-419b-b8df-36f837894f8d, 影响行数: 1
2025-08-01T12:04:29 [INFO] {00e3ef7dde885718c5335c3957781bdb} Service层: 思维导图删除成功, ID: f3f71887-12af-419b-b8df-36f837894f8d
2025-08-01T12:04:29 [INFO] {00e3ef7dde885718c5335c3957781bdb} Controller层: 思维导图删除成功, ID: f3f71887-12af-419b-b8df-36f837894f8d
2025-08-01T12:04:29 [INFO] {60d5bf7ede885718c8335c398e76ca96} Controller层: 收到获取思维导图列表请求, 标题过滤: 
2025-08-01T12:04:29 [INFO] {60d5bf7ede885718c8335c398e76ca96} Service层: 开始获取思维导图列表, 标题过滤: 
2025-08-01T12:04:29 [INFO] {60d5bf7ede885718c8335c398e76ca96} 开始获取思维导图列表, 标题过滤: , 页码: 1, 每页大小: 100
2025-08-01T12:04:29 [INFO] {60d5bf7ede885718c8335c398e76ca96} 查询到思维导图总数: 1
2025-08-01T12:04:29 [INFO] {60d5bf7ede885718c8335c398e76ca96} 成功获取思维导图列表, 数量: 1
2025-08-01T12:04:29 [INFO] {60d5bf7ede885718c8335c398e76ca96} Service层: 成功获取思维导图列表, 总数: 1
2025-08-01T12:04:29 [INFO] {60d5bf7ede885718c8335c398e76ca96} Controller层: 成功返回思维导图列表, 数量: 1
2025-08-01T12:04:36 [INFO] {90ebc41de0885718cb335c39a5788c61} Controller层: 收到获取思维导图列表请求, 标题过滤: 
2025-08-01T12:04:36 [INFO] {90ebc41de0885718cb335c39a5788c61} Service层: 开始获取思维导图列表, 标题过滤: 
2025-08-01T12:04:36 [INFO] {90ebc41de0885718cb335c39a5788c61} 开始获取思维导图列表, 标题过滤: , 页码: 1, 每页大小: 100
2025-08-01T12:04:36 [INFO] {90ebc41de0885718cb335c39a5788c61} 查询到思维导图总数: 1
2025-08-01T12:04:36 [INFO] {90ebc41de0885718cb335c39a5788c61} 成功获取思维导图列表, 数量: 1
2025-08-01T12:04:36 [INFO] {90ebc41de0885718cb335c39a5788c61} Service层: 成功获取思维导图列表, 总数: 1
2025-08-01T12:04:36 [INFO] {90ebc41de0885718cb335c39a5788c61} Controller层: 成功返回思维导图列表, 数量: 1
2025-08-01T12:04:53 [INFO] {00e6583ee4885718ce335c39143fe2bc} Controller层: 收到获取思维导图列表请求, 标题过滤: 
2025-08-01T12:04:53 [INFO] {00e6583ee4885718ce335c39143fe2bc} Service层: 开始获取思维导图列表, 标题过滤: 
2025-08-01T12:04:53 [INFO] {00e6583ee4885718ce335c39143fe2bc} 开始获取思维导图列表, 标题过滤: , 页码: 1, 每页大小: 100
2025-08-01T12:04:53 [INFO] {00e6583ee4885718ce335c39143fe2bc} 查询到思维导图总数: 1
2025-08-01T12:04:53 [INFO] {00e6583ee4885718ce335c39143fe2bc} 成功获取思维导图列表, 数量: 1
2025-08-01T12:04:53 [INFO] {00e6583ee4885718ce335c39143fe2bc} Service层: 成功获取思维导图列表, 总数: 1
2025-08-01T12:04:53 [INFO] {00e6583ee4885718ce335c39143fe2bc} Controller层: 成功返回思维导图列表, 数量: 1
2025-08-01T12:04:57 [INFO] {b0b7c625e5885718d1335c39591319b6} Controller层: 收到获取思维导图列表请求, 标题过滤: 
2025-08-01T12:04:57 [INFO] {b0b7c625e5885718d1335c39591319b6} Service层: 开始获取思维导图列表, 标题过滤: 
2025-08-01T12:04:57 [INFO] {b0b7c625e5885718d1335c39591319b6} 开始获取思维导图列表, 标题过滤: , 页码: 1, 每页大小: 100
2025-08-01T12:04:57 [INFO] {b0b7c625e5885718d1335c39591319b6} 查询到思维导图总数: 1
2025-08-01T12:04:57 [INFO] {b0b7c625e5885718d1335c39591319b6} 成功获取思维导图列表, 数量: 1
2025-08-01T12:04:57 [INFO] {b0b7c625e5885718d1335c39591319b6} Service层: 成功获取思维导图列表, 总数: 1
2025-08-01T12:04:57 [INFO] {b0b7c625e5885718d1335c39591319b6} Controller层: 成功返回思维导图列表, 数量: 1
2025-08-01T12:05:12 [INFO] {d8165cb5e8885718d4335c39ec3b6769} Controller层: 收到获取思维导图列表请求, 标题过滤: 
2025-08-01T12:05:12 [INFO] {d8165cb5e8885718d4335c39ec3b6769} Service层: 开始获取思维导图列表, 标题过滤: 
2025-08-01T12:05:12 [INFO] {d8165cb5e8885718d4335c39ec3b6769} 开始获取思维导图列表, 标题过滤: , 页码: 1, 每页大小: 100
2025-08-01T12:05:12 [INFO] {d8165cb5e8885718d4335c39ec3b6769} 查询到思维导图总数: 1
2025-08-01T12:05:12 [INFO] {d8165cb5e8885718d4335c39ec3b6769} 成功获取思维导图列表, 数量: 1
2025-08-01T12:05:12 [INFO] {d8165cb5e8885718d4335c39ec3b6769} Service层: 成功获取思维导图列表, 总数: 1
2025-08-01T12:05:12 [INFO] {d8165cb5e8885718d4335c39ec3b6769} Controller层: 成功返回思维导图列表, 数量: 1
2025-08-01T12:05:14 [INFO] {c0586a27e9885718d7335c39414b8067} Controller层: 收到获取思维导图列表请求, 标题过滤: 
2025-08-01T12:05:14 [INFO] {c0586a27e9885718d7335c39414b8067} Service层: 开始获取思维导图列表, 标题过滤: 
2025-08-01T12:05:14 [INFO] {c0586a27e9885718d7335c39414b8067} 开始获取思维导图列表, 标题过滤: , 页码: 1, 每页大小: 100
2025-08-01T12:05:14 [INFO] {c0586a27e9885718d7335c39414b8067} 查询到思维导图总数: 1
2025-08-01T12:05:14 [INFO] {c0586a27e9885718d7335c39414b8067} 成功获取思维导图列表, 数量: 1
2025-08-01T12:05:14 [INFO] {c0586a27e9885718d7335c39414b8067} Service层: 成功获取思维导图列表, 总数: 1
2025-08-01T12:05:14 [INFO] {c0586a27e9885718d7335c39414b8067} Controller层: 成功返回思维导图列表, 数量: 1
2025-08-01T12:05:30 [INFO] {e063cfc5ec885718da335c39fdcabf8a} Controller层: 收到获取思维导图列表请求, 标题过滤: 
2025-08-01T12:05:30 [INFO] {e063cfc5ec885718da335c39fdcabf8a} Service层: 开始获取思维导图列表, 标题过滤: 
2025-08-01T12:05:30 [INFO] {e063cfc5ec885718da335c39fdcabf8a} 开始获取思维导图列表, 标题过滤: , 页码: 1, 每页大小: 100
2025-08-01T12:05:30 [INFO] {e063cfc5ec885718da335c39fdcabf8a} 查询到思维导图总数: 1
2025-08-01T12:05:30 [INFO] {e063cfc5ec885718da335c39fdcabf8a} 成功获取思维导图列表, 数量: 1
2025-08-01T12:05:30 [INFO] {e063cfc5ec885718da335c39fdcabf8a} Service层: 成功获取思维导图列表, 总数: 1
2025-08-01T12:05:30 [INFO] {e063cfc5ec885718da335c39fdcabf8a} Controller层: 成功返回思维导图列表, 数量: 1
2025-08-01T12:06:05 [INFO] {f8ea7cdaf4885718dd335c39cb13540d} Controller层: 收到获取思维导图列表请求, 标题过滤: 
2025-08-01T12:06:05 [INFO] {f8ea7cdaf4885718dd335c39cb13540d} Service层: 开始获取思维导图列表, 标题过滤: 
2025-08-01T12:06:05 [INFO] {f8ea7cdaf4885718dd335c39cb13540d} 开始获取思维导图列表, 标题过滤: , 页码: 1, 每页大小: 100
2025-08-01T12:06:05 [INFO] {f8ea7cdaf4885718dd335c39cb13540d} 查询到思维导图总数: 1
2025-08-01T12:06:05 [INFO] {f8ea7cdaf4885718dd335c39cb13540d} 成功获取思维导图列表, 数量: 1
2025-08-01T12:06:05 [INFO] {f8ea7cdaf4885718dd335c39cb13540d} Service层: 成功获取思维导图列表, 总数: 1
2025-08-01T12:06:05 [INFO] {f8ea7cdaf4885718dd335c39cb13540d} Controller层: 成功返回思维导图列表, 数量: 1
